Starting Dynare (version 4.5.7).
Starting preprocessing of the model file ...
Found 9 equation(s).
Evaluating expressions...done
Computing static model derivatives:
 - order 1
Computing dynamic model derivatives:
 - order 1
Processing outputs ...
done
Preprocessing completed.
Error using <a href="matlab:matlab.internal.language.introspective.errorDocCallback('print_info', 'C:\dynare\4.5.7\matlab\print_info.m', 83)" style="font-weight:bold">print_info</a> (<a href="matlab: opentoline('C:\dynare\4.5.7\matlab\print_info.m',83,0)">line 83</a>)
Impossible to find the steady state. Either the model doesn't have a steady state, there are an infinity of steady states, or the guess values are too far from the solution

Error in <a href="matlab:matlab.internal.language.introspective.errorDocCallback('stoch_simul', 'C:\dynare\4.5.7\matlab\stoch_simul.m', 100)" style="font-weight:bold">stoch_simul</a> (<a href="matlab: opentoline('C:\dynare\4.5.7\matlab\stoch_simul.m',100,0)">line 100</a>)
    print_info(info, options_.noprint, options_);

Error in <a href="matlab:matlab.internal.language.introspective.errorDocCallback('SLMR', 'C:\Users\patri\OneDrive - PennO365\Classes\2019_Spring\FNCE-924 (Intertemporal Macroeconomics and Finance\Problem Sets\Problem Set 4\code\SLMR.m', 184)" style="font-weight:bold">SLMR</a> (<a href="matlab: opentoline('C:\Users\patri\OneDrive - PennO365\Classes\2019_Spring\FNCE-924 (Intertemporal Macroeconomics and Finance\Problem Sets\Problem Set 4\code\SLMR.m',184,0)">line 184</a>)
info = stoch_simul(var_list_);

Error in <a href="matlab:matlab.internal.language.introspective.errorDocCallback('dynare', 'C:\dynare\4.5.7\matlab\dynare.m', 235)" style="font-weight:bold">dynare</a> (<a href="matlab: opentoline('C:\dynare\4.5.7\matlab\dynare.m',235,0)">line 235</a>)
evalin('base',fname) ;

Error in <a href="matlab:matlab.internal.language.introspective.errorDocCallback('SLMRdynare', 'C:\Users\patri\OneDrive - PennO365\Classes\2019_Spring\FNCE-924 (Intertemporal Macroeconomics and Finance\Problem Sets\Problem Set 4\code\SLMRdynare.m', 120)" style="font-weight:bold">SLMRdynare</a> (<a href="matlab: opentoline('C:\Users\patri\OneDrive - PennO365\Classes\2019_Spring\FNCE-924 (Intertemporal Macroeconomics and Finance\Problem Sets\Problem Set 4\code\SLMRdynare.m',120,0)">line 120</a>)
 dynare SLMR.mod


Configuring Dynare ...
[mex] Generalized QZ.
[mex] Sylvester equation solution.
[mex] Kronecker products.
[mex] Sparse kronecker products.
[mex] Local state space iteration (second order).
[mex] Bytecode evaluation.
[mex] k-order perturbation solver.
[mex] k-order solution simulation.
[mex] Quasi Monte-Carlo sequence (Sobol).
[mex] Markov Switching SBVAR.

Using 64-bit preprocessor
Starting Dynare (version 4.5.7).
Starting preprocessing of the model file ...
Found 9 equation(s).
Evaluating expressions...done
Computing static model derivatives:
 - order 1
Computing dynamic model derivatives:
 - order 1
Processing outputs ...
done
Preprocessing completed.


MODEL SUMMARY

  Number of variables:         9
  Number of stochastic shocks: 1
  Number of state variables:   2
  Number of jumpers:           2
  Number of static variables:  6


MATRIX OF COVARIANCE OF EXOGENOUS SHOCKS
Variables         eps
eps          1.000000

POLICY AND TRANSITION FUNCTIONS
                                   a               y               i               k               c               h               r               w          lambda
Constant                           0        0.722731        0.520442        1.658189       -0.974766       -1.148189       -2.969528        0.529994        0.974766
k(-1)                              0        0.561116        0.561055        0.926189        0.561390       -0.316652       -0.877763        0.438883       -0.561389
a(-1)                       0.600000        0.842326        1.018574        0.108833        0.056211        0.726979        1.084647        0.357674       -0.056211
eps                         0.006600        0.009266        0.011204        0.001197        0.000618        0.007997        0.011931        0.003934       -0.000618


THEORETICAL MOMENTS (HP filter, lambda = 1600)
VARIABLE         MEAN  STD. DEV.   VARIANCE
a              0.0000     0.0071     0.0001
y              0.7227     0.0100     0.0001
i              0.5204     0.0121     0.0001
k              1.6582     0.0029     0.0000
c             -0.9748     0.0017     0.0000
h             -1.1482     0.0087     0.0001
r             -2.9695     0.0133     0.0002
w              0.5300     0.0043     0.0000
lambda         0.9748     0.0017     0.0000



MATRIX OF CORRELATIONS (HP filter, lambda = 1600)
Variables         a       y       i       k       c       h       r       w  lambda
a            1.0000  0.9866  0.9908  0.3818  0.3239  0.9944  0.9812  0.9558 -0.3239
y            0.9866  1.0000  0.9996  0.5276  0.4741  0.9638  0.9366  0.9910 -0.4741
i            0.9908  0.9996  1.0000  0.5034  0.4490  0.9709  0.9461  0.9868 -0.4490
k            0.3818  0.5276  0.5034  1.0000  0.9981  0.2819  0.1965  0.6367 -0.9981
c            0.3239  0.4741  0.4490  0.9981  1.0000  0.2221  0.1355  0.5879 -1.0000
h            0.9944  0.9638  0.9709  0.2819  0.2221  1.0000  0.9961  0.9193 -0.2221
r            0.9812  0.9366  0.9461  0.1965  0.1355  0.9961  1.0000  0.8812 -0.1355
w            0.9558  0.9910  0.9868  0.6367  0.5879  0.9193  0.8812  1.0000 -0.5879
lambda      -0.3239 -0.4741 -0.4490 -0.9981 -1.0000 -0.2221 -0.1355 -0.5879  1.0000



COEFFICIENTS OF AUTOCORRELATION (HP filter, lambda = 1600)
Order          1       2       3       4       5
a         0.4653  0.1538 -0.0220 -0.1153 -0.1587
y         0.5014  0.1996  0.0198 -0.0838 -0.1394
i         0.4936  0.1898  0.0108 -0.0906 -0.1436
k         0.8976  0.7025  0.4790  0.2631  0.0730
c         0.9087  0.7166  0.4920  0.2728  0.0789
h         0.4544  0.1400 -0.0346 -0.1249 -0.1646
r         0.4533  0.1386 -0.0359 -0.1258 -0.1652
w         0.5460  0.2562  0.0715 -0.0447 -0.1155
lambda    0.9087  0.7166  0.4920  0.2728  0.0789
Total computing time : 0h00m05s
